<?xml version="1.0" encoding="UTF-8" standalone="yes"?>
<unit xmlns="http://www.sdml.info/srcML/src" language="Java" filename="C:\Users\ojcchar\Documents\Dropbox\Classes\W14\CSC7990 - Directed Study\Implementation\EclipseProject\redress2\test_data\code\apache-ant-1.9.3\src\tests\junit\org\example\junit\JUnit4Skippable.java"><comment type="block">/*
 *  Licensed to the Apache Software Foundation (ASF) under one or more
 *  contributor license agreements.  See the NOTICE file distributed with
 *  this work for additional information regarding copyright ownership.
 *  The ASF licenses this file to You under the Apache License, Version 2.0
 *  (the "License"); you may not use this file except in compliance with
 *  the License.  You may obtain a copy of the License at
 *
 *      http://www.apache.org/licenses/LICENSE-2.0
 *
 *  Unless required by applicable law or agreed to in writing, software
 *  distributed under the License is distributed on an "AS IS" BASIS,
 *  WITHOUT WARRANTIES OR CONDITIONS OF ANY KIND, either express or implied.
 *  See the License for the specific language governing permissions and
 *  limitations under the License.
 *
 */</comment>

<package>package <name><name>org</name>.<name>example</name>.<name>junit</name></name>;</package>

<import>import <name><name>org</name>.<name>junit</name>.<name>Assume</name></name>;</import>
<import>import <name><name>org</name>.<name>junit</name>.<name>Ignore</name></name>;</import>
<import>import <name><name>org</name>.<name>junit</name>.<name>Test</name></name>;</import>

<import>import static <name><name>org</name>.<name>junit</name>.<name>Assert</name>.<name>assertTrue</name></name>;</import>
<import>import static <name><name>org</name>.<name>junit</name>.<name>Assert</name>.<name>fail</name></name>;</import>

<class><specifier>public</specifier> class <name>JUnit4Skippable</name> <block>{

    <function><type><annotation>@<name>Test</name></annotation>
    <specifier>public</specifier> <name>void</name></type> <name>passingTest</name><parameter_list>()</parameter_list> <block>{
        <expr_stmt><expr><call><name>assertTrue</name><argument_list>(<argument><expr>"This test passed"</expr></argument>, <argument><expr>true</expr></argument>)</argument_list></call></expr>;</expr_stmt>
    }</block></function>

    <function><type><annotation>@<name>Ignore</name><argument_list>("Please don't ignore me!")</argument_list></annotation>
    <annotation>@<name>Test</name></annotation>
    <specifier>public</specifier> <name>void</name></type> <name>explicitIgnoreTest</name><parameter_list>()</parameter_list> <block>{
        <expr_stmt><expr><call><name>fail</name><argument_list>(<argument><expr>"This test should be skipped"</expr></argument>)</argument_list></call></expr>;</expr_stmt>
    }</block></function>

    <function><type><annotation>@<name>Test</name></annotation>
    <specifier>public</specifier> <name>void</name></type> <name>implicitlyIgnoreTest</name><parameter_list>()</parameter_list> <block>{
        <expr_stmt><expr><call><name><name>Assume</name>.<name>assumeFalse</name></name><argument_list>(<argument><expr>"This test will be ignored"</expr></argument>, <argument><expr>true</expr></argument>)</argument_list></call></expr>;</expr_stmt>
        <expr_stmt><expr><call><name>fail</name><argument_list>(<argument><expr>"I told you, this test should have been ignored!"</expr></argument>)</argument_list></call></expr>;</expr_stmt>
    }</block></function>

    <function><type><annotation>@<name>Test</name></annotation>
    <annotation>@<name>Ignore</name></annotation>
    <specifier>public</specifier> <name>void</name></type> <name>explicitlyIgnoreTestNoMessage</name><parameter_list>()</parameter_list> <block>{
        <expr_stmt><expr><call><name>fail</name><argument_list>(<argument><expr>"This test should be skipped"</expr></argument>)</argument_list></call></expr>;</expr_stmt>
    }</block></function>

    <function><type><annotation>@<name>Test</name></annotation>
    <specifier>public</specifier> <name>void</name></type> <name>implicitlyIgnoreTestNoMessage</name><parameter_list>()</parameter_list> <block>{
        <expr_stmt><expr><call><name><name>Assume</name>.<name>assumeFalse</name></name><argument_list>(<argument><expr>true</expr></argument>)</argument_list></call></expr>;</expr_stmt>
        <expr_stmt><expr><call><name>fail</name><argument_list>(<argument><expr>"I told you, this test should have been ignored!"</expr></argument>)</argument_list></call></expr>;</expr_stmt>
    }</block></function>

    <function><type><annotation>@<name>Test</name></annotation>
    <specifier>public</specifier> <name>void</name></type> <name>failingTest</name><parameter_list>()</parameter_list> <block>{
        <expr_stmt><expr><call><name>fail</name><argument_list>(<argument><expr>"I told you this test was going to fail"</expr></argument>)</argument_list></call></expr>;</expr_stmt>
    }</block></function>

    <function><type><annotation>@<name>Test</name></annotation>
    <specifier>public</specifier> <name>void</name></type> <name>failingTestNoMessage</name><parameter_list>()</parameter_list> <block>{
        <expr_stmt><expr><call><name>fail</name><argument_list>()</argument_list></call></expr>;</expr_stmt>
    }</block></function>

    <function><type><annotation>@<name>Test</name></annotation>
    <specifier>public</specifier> <name>void</name></type> <name>errorTest</name><parameter_list>()</parameter_list> <block>{
        <throw>throw <expr>new <call><name>RuntimeException</name><argument_list>(<argument><expr>"Whoops, this test went wrong"</expr></argument>)</argument_list></call></expr>;</throw>
    }</block></function>

}</block></class>
</unit>
